Vivado Simulator v2024.2.0
Copyright 1986-2022 Xilinx, Inc. All Rights Reserved.
Copyright 2022-2024 Advanced Micro Devices, Inc. All Rights Reserved.
Running: /media/justyxx/Julian/Vivado/Vivado/2024.2/bin/unwrapped/lnx64.o/xelab --incr --debug typical --relax --mt 8 -L xil_defaultlib -L uvm -L unisims_ver -L unimacro_ver -L secureip --snapshot execute_tb_behav xil_defaultlib.execute_tb xil_defaultlib.glbl -log elaborate.log 
Using 8 slave threads.
Starting static elaboration
Pass Through NonSizing Optimizer
WARNING: [VRFC 10-3597] non-void function 'prints' called as a task without void casting [/media/justyxx/Julian/Vivado/Projects/prueba_1/prueba_1.srcs/sim_1/new/execute_tb.sv:38]
WARNING: [VRFC 10-3597] non-void function 'prints' called as a task without void casting [/media/justyxx/Julian/Vivado/Projects/prueba_1/prueba_1.srcs/sim_1/new/execute_tb.sv:44]
WARNING: [VRFC 10-3597] non-void function 'prints' called as a task without void casting [/media/justyxx/Julian/Vivado/Projects/prueba_1/prueba_1.srcs/sim_1/new/execute_tb.sv:50]
WARNING: [VRFC 10-3597] non-void function 'prints' called as a task without void casting [/media/justyxx/Julian/Vivado/Projects/prueba_1/prueba_1.srcs/sim_1/new/execute_tb.sv:56]
WARNING: [VRFC 10-3597] non-void function 'prints' called as a task without void casting [/media/justyxx/Julian/Vivado/Projects/prueba_1/prueba_1.srcs/sim_1/new/execute_tb.sv:62]
WARNING: [VRFC 10-3597] non-void function 'prints' called as a task without void casting [/media/justyxx/Julian/Vivado/Projects/prueba_1/prueba_1.srcs/sim_1/new/execute_tb.sv:68]
WARNING: [VRFC 10-3597] non-void function 'prints' called as a task without void casting [/media/justyxx/Julian/Vivado/Projects/prueba_1/prueba_1.srcs/sim_1/new/execute_tb.sv:76]
WARNING: [VRFC 10-3597] non-void function 'prints' called as a task without void casting [/media/justyxx/Julian/Vivado/Projects/prueba_1/prueba_1.srcs/sim_1/new/execute_tb.sv:82]
WARNING: [VRFC 10-3597] non-void function 'prints' called as a task without void casting [/media/justyxx/Julian/Vivado/Projects/prueba_1/prueba_1.srcs/sim_1/new/execute_tb.sv:88]
WARNING: [VRFC 10-3597] non-void function 'prints' called as a task without void casting [/media/justyxx/Julian/Vivado/Projects/prueba_1/prueba_1.srcs/sim_1/new/execute_tb.sv:94]
WARNING: [VRFC 10-3597] non-void function 'prints' called as a task without void casting [/media/justyxx/Julian/Vivado/Projects/prueba_1/prueba_1.srcs/sim_1/new/execute_tb.sv:100]
WARNING: [VRFC 10-3597] non-void function 'prints' called as a task without void casting [/media/justyxx/Julian/Vivado/Projects/prueba_1/prueba_1.srcs/sim_1/new/execute_tb.sv:106]
Completed static elaboration
Starting simulation data flow analysis
Completed simulation data flow analysis
Time Resolution for simulation is 1ps
Compiling module xil_defaultlib.sl2_E
Compiling module xil_defaultlib.adder_E
Compiling module xil_defaultlib.mux_E
Compiling module xil_defaultlib.alu_E
Compiling module xil_defaultlib.execute
Compiling module xil_defaultlib.execute_tb
Compiling module xil_defaultlib.glbl
Built simulation snapshot execute_tb_behav
