
*** Running vivado
    with args -log processor_arm.vdi -applog -m64 -product Vivado -messageDb vivado.pb -mode batch -source processor_arm.tcl -notrace


****** Vivado v2024.2 (64-bit)
  **** SW Build 5239630 on Fri Nov 08 22:34:34 MST 2024
  **** IP Build 5239520 on Sun Nov 10 16:12:51 MST 2024
  **** SharedData Build 5239561 on Fri Nov 08 14:39:27 MST 2024
  **** Start of session at: Wed Sep  3 13:04:41 2025
    ** Copyright 1986-2022 Xilinx, Inc. All Rights Reserved.
    ** Copyright 2022-2024 Advanced Micro Devices, Inc. All Rights Reserved.

source processor_arm.tcl -notrace
Command: link_design -top processor_arm -part xc7s50csga324-1
Design is defaulting to srcset: sources_1
Design is defaulting to constrset: constrs_1
INFO: [Device 21-403] Loading part xc7s50csga324-1
Netlist sorting complete. Time (s): cpu = 00:00:00.01 ; elapsed = 00:00:00.01 . Memory (MB): peak = 1434.617 ; gain = 0.000 ; free physical = 963 ; free virtual = 5900
INFO: [Netlist 29-17] Analyzing 135 Unisim elements for replacement
INFO: [Netlist 29-28] Unisim Transformation completed in 0 CPU seconds
INFO: [Project 1-479] Netlist was created with Vivado 2024.2
INFO: [Project 1-570] Preparing netlist for logic optimization
Parsing XDC File [/media/justyxx/Julian/Vivado/Projects/lab1-adc2025-g01/processor_arm/constrs/boolean.xdc]
WARNING: [Vivado 12-584] No ports matched 'mclk'. [/media/justyxx/Julian/Vivado/Projects/lab1-adc2025-g01/processor_arm/constrs/boolean.xdc:1]
CRITICAL WARNING: [Common 17-55] 'set_property' expects at least one object. [/media/justyxx/Julian/Vivado/Projects/lab1-adc2025-g01/processor_arm/constrs/boolean.xdc:1]
Resolution: If [get_<value>] was used to populate the object, check to make sure this command returns at least one valid object.
WARNING: [Vivado 12-584] No ports matched 'sw[0]'. [/media/justyxx/Julian/Vivado/Projects/lab1-adc2025-g01/processor_arm/constrs/boolean.xdc:2]
CRITICAL WARNING: [Common 17-55] 'set_property' expects at least one object. [/media/justyxx/Julian/Vivado/Projects/lab1-adc2025-g01/processor_arm/constrs/boolean.xdc:2]
Resolution: If [get_<value>] was used to populate the object, check to make sure this command returns at least one valid object.
WARNING: [Vivado 12-584] No ports matched 'sw[1]'. [/media/justyxx/Julian/Vivado/Projects/lab1-adc2025-g01/processor_arm/constrs/boolean.xdc:3]
CRITICAL WARNING: [Common 17-55] 'set_property' expects at least one object. [/media/justyxx/Julian/Vivado/Projects/lab1-adc2025-g01/processor_arm/constrs/boolean.xdc:3]
Resolution: If [get_<value>] was used to populate the object, check to make sure this command returns at least one valid object.
WARNING: [Vivado 12-584] No ports matched 'sw[2]'. [/media/justyxx/Julian/Vivado/Projects/lab1-adc2025-g01/processor_arm/constrs/boolean.xdc:4]
CRITICAL WARNING: [Common 17-55] 'set_property' expects at least one object. [/media/justyxx/Julian/Vivado/Projects/lab1-adc2025-g01/processor_arm/constrs/boolean.xdc:4]
Resolution: If [get_<value>] was used to populate the object, check to make sure this command returns at least one valid object.
WARNING: [Vivado 12-584] No ports matched 'sw[3]'. [/media/justyxx/Julian/Vivado/Projects/lab1-adc2025-g01/processor_arm/constrs/boolean.xdc:5]
CRITICAL WARNING: [Common 17-55] 'set_property' expects at least one object. [/media/justyxx/Julian/Vivado/Projects/lab1-adc2025-g01/processor_arm/constrs/boolean.xdc:5]
Resolution: If [get_<value>] was used to populate the object, check to make sure this command returns at least one valid object.
WARNING: [Vivado 12-584] No ports matched 'sw[4]'. [/media/justyxx/Julian/Vivado/Projects/lab1-adc2025-g01/processor_arm/constrs/boolean.xdc:6]
CRITICAL WARNING: [Common 17-55] 'set_property' expects at least one object. [/media/justyxx/Julian/Vivado/Projects/lab1-adc2025-g01/processor_arm/constrs/boolean.xdc:6]
Resolution: If [get_<value>] was used to populate the object, check to make sure this command returns at least one valid object.
WARNING: [Vivado 12-584] No ports matched 'sw[5]'. [/media/justyxx/Julian/Vivado/Projects/lab1-adc2025-g01/processor_arm/constrs/boolean.xdc:7]
CRITICAL WARNING: [Common 17-55] 'set_property' expects at least one object. [/media/justyxx/Julian/Vivado/Projects/lab1-adc2025-g01/processor_arm/constrs/boolean.xdc:7]
Resolution: If [get_<value>] was used to populate the object, check to make sure this command returns at least one valid object.
WARNING: [Vivado 12-584] No ports matched 'sw[6]'. [/media/justyxx/Julian/Vivado/Projects/lab1-adc2025-g01/processor_arm/constrs/boolean.xdc:8]
CRITICAL WARNING: [Common 17-55] 'set_property' expects at least one object. [/media/justyxx/Julian/Vivado/Projects/lab1-adc2025-g01/processor_arm/constrs/boolean.xdc:8]
Resolution: If [get_<value>] was used to populate the object, check to make sure this command returns at least one valid object.
WARNING: [Vivado 12-584] No ports matched 'sw[7]'. [/media/justyxx/Julian/Vivado/Projects/lab1-adc2025-g01/processor_arm/constrs/boolean.xdc:9]
CRITICAL WARNING: [Common 17-55] 'set_property' expects at least one object. [/media/justyxx/Julian/Vivado/Projects/lab1-adc2025-g01/processor_arm/constrs/boolean.xdc:9]
Resolution: If [get_<value>] was used to populate the object, check to make sure this command returns at least one valid object.
WARNING: [Vivado 12-584] No ports matched 'sw[8]'. [/media/justyxx/Julian/Vivado/Projects/lab1-adc2025-g01/processor_arm/constrs/boolean.xdc:10]
CRITICAL WARNING: [Common 17-55] 'set_property' expects at least one object. [/media/justyxx/Julian/Vivado/Projects/lab1-adc2025-g01/processor_arm/constrs/boolean.xdc:10]
Resolution: If [get_<value>] was used to populate the object, check to make sure this command returns at least one valid object.
WARNING: [Vivado 12-584] No ports matched 'sw[9]'. [/media/justyxx/Julian/Vivado/Projects/lab1-adc2025-g01/processor_arm/constrs/boolean.xdc:11]
CRITICAL WARNING: [Common 17-55] 'set_property' expects at least one object. [/media/justyxx/Julian/Vivado/Projects/lab1-adc2025-g01/processor_arm/constrs/boolean.xdc:11]
Resolution: If [get_<value>] was used to populate the object, check to make sure this command returns at least one valid object.
WARNING: [Vivado 12-584] No ports matched 'sw[10]'. [/media/justyxx/Julian/Vivado/Projects/lab1-adc2025-g01/processor_arm/constrs/boolean.xdc:12]
CRITICAL WARNING: [Common 17-55] 'set_property' expects at least one object. [/media/justyxx/Julian/Vivado/Projects/lab1-adc2025-g01/processor_arm/constrs/boolean.xdc:12]
Resolution: If [get_<value>] was used to populate the object, check to make sure this command returns at least one valid object.
WARNING: [Vivado 12-584] No ports matched 'sw[11]'. [/media/justyxx/Julian/Vivado/Projects/lab1-adc2025-g01/processor_arm/constrs/boolean.xdc:13]
CRITICAL WARNING: [Common 17-55] 'set_property' expects at least one object. [/media/justyxx/Julian/Vivado/Projects/lab1-adc2025-g01/processor_arm/constrs/boolean.xdc:13]
Resolution: If [get_<value>] was used to populate the object, check to make sure this command returns at least one valid object.
WARNING: [Vivado 12-584] No ports matched 'sw[12]'. [/media/justyxx/Julian/Vivado/Projects/lab1-adc2025-g01/processor_arm/constrs/boolean.xdc:14]
CRITICAL WARNING: [Common 17-55] 'set_property' expects at least one object. [/media/justyxx/Julian/Vivado/Projects/lab1-adc2025-g01/processor_arm/constrs/boolean.xdc:14]
Resolution: If [get_<value>] was used to populate the object, check to make sure this command returns at least one valid object.
WARNING: [Vivado 12-584] No ports matched 'sw[13]'. [/media/justyxx/Julian/Vivado/Projects/lab1-adc2025-g01/processor_arm/constrs/boolean.xdc:15]
CRITICAL WARNING: [Common 17-55] 'set_property' expects at least one object. [/media/justyxx/Julian/Vivado/Projects/lab1-adc2025-g01/processor_arm/constrs/boolean.xdc:15]
Resolution: If [get_<value>] was used to populate the object, check to make sure this command returns at least one valid object.
WARNING: [Vivado 12-584] No ports matched 'sw[14]'. [/media/justyxx/Julian/Vivado/Projects/lab1-adc2025-g01/processor_arm/constrs/boolean.xdc:16]
CRITICAL WARNING: [Common 17-55] 'set_property' expects at least one object. [/media/justyxx/Julian/Vivado/Projects/lab1-adc2025-g01/processor_arm/constrs/boolean.xdc:16]
Resolution: If [get_<value>] was used to populate the object, check to make sure this command returns at least one valid object.
WARNING: [Vivado 12-584] No ports matched 'sw[15]'. [/media/justyxx/Julian/Vivado/Projects/lab1-adc2025-g01/processor_arm/constrs/boolean.xdc:17]
CRITICAL WARNING: [Common 17-55] 'set_property' expects at least one object. [/media/justyxx/Julian/Vivado/Projects/lab1-adc2025-g01/processor_arm/constrs/boolean.xdc:17]
Resolution: If [get_<value>] was used to populate the object, check to make sure this command returns at least one valid object.
WARNING: [Vivado 12-584] No ports matched 'led[0]'. [/media/justyxx/Julian/Vivado/Projects/lab1-adc2025-g01/processor_arm/constrs/boolean.xdc:18]
CRITICAL WARNING: [Common 17-55] 'set_property' expects at least one object. [/media/justyxx/Julian/Vivado/Projects/lab1-adc2025-g01/processor_arm/constrs/boolean.xdc:18]
Resolution: If [get_<value>] was used to populate the object, check to make sure this command returns at least one valid object.
WARNING: [Vivado 12-584] No ports matched 'led[1]'. [/media/justyxx/Julian/Vivado/Projects/lab1-adc2025-g01/processor_arm/constrs/boolean.xdc:19]
CRITICAL WARNING: [Common 17-55] 'set_property' expects at least one object. [/media/justyxx/Julian/Vivado/Projects/lab1-adc2025-g01/processor_arm/constrs/boolean.xdc:19]
Resolution: If [get_<value>] was used to populate the object, check to make sure this command returns at least one valid object.
WARNING: [Vivado 12-584] No ports matched 'led[2]'. [/media/justyxx/Julian/Vivado/Projects/lab1-adc2025-g01/processor_arm/constrs/boolean.xdc:20]
CRITICAL WARNING: [Common 17-55] 'set_property' expects at least one object. [/media/justyxx/Julian/Vivado/Projects/lab1-adc2025-g01/processor_arm/constrs/boolean.xdc:20]
Resolution: If [get_<value>] was used to populate the object, check to make sure this command returns at least one valid object.
WARNING: [Vivado 12-584] No ports matched 'led[3]'. [/media/justyxx/Julian/Vivado/Projects/lab1-adc2025-g01/processor_arm/constrs/boolean.xdc:21]
CRITICAL WARNING: [Common 17-55] 'set_property' expects at least one object. [/media/justyxx/Julian/Vivado/Projects/lab1-adc2025-g01/processor_arm/constrs/boolean.xdc:21]
Resolution: If [get_<value>] was used to populate the object, check to make sure this command returns at least one valid object.
WARNING: [Vivado 12-584] No ports matched 'led[4]'. [/media/justyxx/Julian/Vivado/Projects/lab1-adc2025-g01/processor_arm/constrs/boolean.xdc:22]
CRITICAL WARNING: [Common 17-55] 'set_property' expects at least one object. [/media/justyxx/Julian/Vivado/Projects/lab1-adc2025-g01/processor_arm/constrs/boolean.xdc:22]
Resolution: If [get_<value>] was used to populate the object, check to make sure this command returns at least one valid object.
WARNING: [Vivado 12-584] No ports matched 'led[5]'. [/media/justyxx/Julian/Vivado/Projects/lab1-adc2025-g01/processor_arm/constrs/boolean.xdc:23]
CRITICAL WARNING: [Common 17-55] 'set_property' expects at least one object. [/media/justyxx/Julian/Vivado/Projects/lab1-adc2025-g01/processor_arm/constrs/boolean.xdc:23]
Resolution: If [get_<value>] was used to populate the object, check to make sure this command returns at least one valid object.
WARNING: [Vivado 12-584] No ports matched 'led[6]'. [/media/justyxx/Julian/Vivado/Projects/lab1-adc2025-g01/processor_arm/constrs/boolean.xdc:24]
CRITICAL WARNING: [Common 17-55] 'set_property' expects at least one object. [/media/justyxx/Julian/Vivado/Projects/lab1-adc2025-g01/processor_arm/constrs/boolean.xdc:24]
Resolution: If [get_<value>] was used to populate the object, check to make sure this command returns at least one valid object.
WARNING: [Vivado 12-584] No ports matched 'led[7]'. [/media/justyxx/Julian/Vivado/Projects/lab1-adc2025-g01/processor_arm/constrs/boolean.xdc:25]
CRITICAL WARNING: [Common 17-55] 'set_property' expects at least one object. [/media/justyxx/Julian/Vivado/Projects/lab1-adc2025-g01/processor_arm/constrs/boolean.xdc:25]
Resolution: If [get_<value>] was used to populate the object, check to make sure this command returns at least one valid object.
WARNING: [Vivado 12-584] No ports matched 'led[8]'. [/media/justyxx/Julian/Vivado/Projects/lab1-adc2025-g01/processor_arm/constrs/boolean.xdc:26]
CRITICAL WARNING: [Common 17-55] 'set_property' expects at least one object. [/media/justyxx/Julian/Vivado/Projects/lab1-adc2025-g01/processor_arm/constrs/boolean.xdc:26]
Resolution: If [get_<value>] was used to populate the object, check to make sure this command returns at least one valid object.
WARNING: [Vivado 12-584] No ports matched 'led[9]'. [/media/justyxx/Julian/Vivado/Projects/lab1-adc2025-g01/processor_arm/constrs/boolean.xdc:27]
CRITICAL WARNING: [Common 17-55] 'set_property' expects at least one object. [/media/justyxx/Julian/Vivado/Projects/lab1-adc2025-g01/processor_arm/constrs/boolean.xdc:27]
Resolution: If [get_<value>] was used to populate the object, check to make sure this command returns at least one valid object.
WARNING: [Vivado 12-584] No ports matched 'led[10]'. [/media/justyxx/Julian/Vivado/Projects/lab1-adc2025-g01/processor_arm/constrs/boolean.xdc:28]
CRITICAL WARNING: [Common 17-55] 'set_property' expects at least one object. [/media/justyxx/Julian/Vivado/Projects/lab1-adc2025-g01/processor_arm/constrs/boolean.xdc:28]
Resolution: If [get_<value>] was used to populate the object, check to make sure this command returns at least one valid object.
WARNING: [Vivado 12-584] No ports matched 'led[11]'. [/media/justyxx/Julian/Vivado/Projects/lab1-adc2025-g01/processor_arm/constrs/boolean.xdc:29]
CRITICAL WARNING: [Common 17-55] 'set_property' expects at least one object. [/media/justyxx/Julian/Vivado/Projects/lab1-adc2025-g01/processor_arm/constrs/boolean.xdc:29]
Resolution: If [get_<value>] was used to populate the object, check to make sure this command returns at least one valid object.
WARNING: [Vivado 12-584] No ports matched 'led[12]'. [/media/justyxx/Julian/Vivado/Projects/lab1-adc2025-g01/processor_arm/constrs/boolean.xdc:30]
CRITICAL WARNING: [Common 17-55] 'set_property' expects at least one object. [/media/justyxx/Julian/Vivado/Projects/lab1-adc2025-g01/processor_arm/constrs/boolean.xdc:30]
Resolution: If [get_<value>] was used to populate the object, check to make sure this command returns at least one valid object.
WARNING: [Vivado 12-584] No ports matched 'led[13]'. [/media/justyxx/Julian/Vivado/Projects/lab1-adc2025-g01/processor_arm/constrs/boolean.xdc:31]
CRITICAL WARNING: [Common 17-55] 'set_property' expects at least one object. [/media/justyxx/Julian/Vivado/Projects/lab1-adc2025-g01/processor_arm/constrs/boolean.xdc:31]
Resolution: If [get_<value>] was used to populate the object, check to make sure this command returns at least one valid object.
WARNING: [Vivado 12-584] No ports matched 'led[14]'. [/media/justyxx/Julian/Vivado/Projects/lab1-adc2025-g01/processor_arm/constrs/boolean.xdc:32]
CRITICAL WARNING: [Common 17-55] 'set_property' expects at least one object. [/media/justyxx/Julian/Vivado/Projects/lab1-adc2025-g01/processor_arm/constrs/boolean.xdc:32]
Resolution: If [get_<value>] was used to populate the object, check to make sure this command returns at least one valid object.
WARNING: [Vivado 12-584] No ports matched 'led[15]'. [/media/justyxx/Julian/Vivado/Projects/lab1-adc2025-g01/processor_arm/constrs/boolean.xdc:33]
CRITICAL WARNING: [Common 17-55] 'set_property' expects at least one object. [/media/justyxx/Julian/Vivado/Projects/lab1-adc2025-g01/processor_arm/constrs/boolean.xdc:33]
Resolution: If [get_<value>] was used to populate the object, check to make sure this command returns at least one valid object.
WARNING: [Vivado 12-584] No ports matched 'D0_a[0]'. [/media/justyxx/Julian/Vivado/Projects/lab1-adc2025-g01/processor_arm/constrs/boolean.xdc:34]
CRITICAL WARNING: [Common 17-55] 'set_property' expects at least one object. [/media/justyxx/Julian/Vivado/Projects/lab1-adc2025-g01/processor_arm/constrs/boolean.xdc:34]
Resolution: If [get_<value>] was used to populate the object, check to make sure this command returns at least one valid object.
WARNING: [Vivado 12-584] No ports matched 'D0_a[1]'. [/media/justyxx/Julian/Vivado/Projects/lab1-adc2025-g01/processor_arm/constrs/boolean.xdc:35]
CRITICAL WARNING: [Common 17-55] 'set_property' expects at least one object. [/media/justyxx/Julian/Vivado/Projects/lab1-adc2025-g01/processor_arm/constrs/boolean.xdc:35]
Resolution: If [get_<value>] was used to populate the object, check to make sure this command returns at least one valid object.
WARNING: [Vivado 12-584] No ports matched 'D0_a[2]'. [/media/justyxx/Julian/Vivado/Projects/lab1-adc2025-g01/processor_arm/constrs/boolean.xdc:36]
CRITICAL WARNING: [Common 17-55] 'set_property' expects at least one object. [/media/justyxx/Julian/Vivado/Projects/lab1-adc2025-g01/processor_arm/constrs/boolean.xdc:36]
Resolution: If [get_<value>] was used to populate the object, check to make sure this command returns at least one valid object.
WARNING: [Vivado 12-584] No ports matched 'D0_a[3]'. [/media/justyxx/Julian/Vivado/Projects/lab1-adc2025-g01/processor_arm/constrs/boolean.xdc:37]
CRITICAL WARNING: [Common 17-55] 'set_property' expects at least one object. [/media/justyxx/Julian/Vivado/Projects/lab1-adc2025-g01/processor_arm/constrs/boolean.xdc:37]
Resolution: If [get_<value>] was used to populate the object, check to make sure this command returns at least one valid object.
WARNING: [Vivado 12-584] No ports matched 'D0_seg[0]'. [/media/justyxx/Julian/Vivado/Projects/lab1-adc2025-g01/processor_arm/constrs/boolean.xdc:38]
CRITICAL WARNING: [Common 17-55] 'set_property' expects at least one object. [/media/justyxx/Julian/Vivado/Projects/lab1-adc2025-g01/processor_arm/constrs/boolean.xdc:38]
Resolution: If [get_<value>] was used to populate the object, check to make sure this command returns at least one valid object.
WARNING: [Vivado 12-584] No ports matched 'D0_seg[1]'. [/media/justyxx/Julian/Vivado/Projects/lab1-adc2025-g01/processor_arm/constrs/boolean.xdc:39]
CRITICAL WARNING: [Common 17-55] 'set_property' expects at least one object. [/media/justyxx/Julian/Vivado/Projects/lab1-adc2025-g01/processor_arm/constrs/boolean.xdc:39]
Resolution: If [get_<value>] was used to populate the object, check to make sure this command returns at least one valid object.
WARNING: [Vivado 12-584] No ports matched 'D0_seg[2]'. [/media/justyxx/Julian/Vivado/Projects/lab1-adc2025-g01/processor_arm/constrs/boolean.xdc:40]
CRITICAL WARNING: [Common 17-55] 'set_property' expects at least one object. [/media/justyxx/Julian/Vivado/Projects/lab1-adc2025-g01/processor_arm/constrs/boolean.xdc:40]
Resolution: If [get_<value>] was used to populate the object, check to make sure this command returns at least one valid object.
WARNING: [Vivado 12-584] No ports matched 'D0_seg[3]'. [/media/justyxx/Julian/Vivado/Projects/lab1-adc2025-g01/processor_arm/constrs/boolean.xdc:41]
CRITICAL WARNING: [Common 17-55] 'set_property' expects at least one object. [/media/justyxx/Julian/Vivado/Projects/lab1-adc2025-g01/processor_arm/constrs/boolean.xdc:41]
Resolution: If [get_<value>] was used to populate the object, check to make sure this command returns at least one valid object.
WARNING: [Vivado 12-584] No ports matched 'D0_seg[4]'. [/media/justyxx/Julian/Vivado/Projects/lab1-adc2025-g01/processor_arm/constrs/boolean.xdc:42]
CRITICAL WARNING: [Common 17-55] 'set_property' expects at least one object. [/media/justyxx/Julian/Vivado/Projects/lab1-adc2025-g01/processor_arm/constrs/boolean.xdc:42]
Resolution: If [get_<value>] was used to populate the object, check to make sure this command returns at least one valid object.
WARNING: [Vivado 12-584] No ports matched 'D0_seg[5]'. [/media/justyxx/Julian/Vivado/Projects/lab1-adc2025-g01/processor_arm/constrs/boolean.xdc:43]
CRITICAL WARNING: [Common 17-55] 'set_property' expects at least one object. [/media/justyxx/Julian/Vivado/Projects/lab1-adc2025-g01/processor_arm/constrs/boolean.xdc:43]
Resolution: If [get_<value>] was used to populate the object, check to make sure this command returns at least one valid object.
WARNING: [Vivado 12-584] No ports matched 'D0_seg[6]'. [/media/justyxx/Julian/Vivado/Projects/lab1-adc2025-g01/processor_arm/constrs/boolean.xdc:44]
CRITICAL WARNING: [Common 17-55] 'set_property' expects at least one object. [/media/justyxx/Julian/Vivado/Projects/lab1-adc2025-g01/processor_arm/constrs/boolean.xdc:44]
Resolution: If [get_<value>] was used to populate the object, check to make sure this command returns at least one valid object.
WARNING: [Vivado 12-584] No ports matched 'D0_seg[7]'. [/media/justyxx/Julian/Vivado/Projects/lab1-adc2025-g01/processor_arm/constrs/boolean.xdc:45]
CRITICAL WARNING: [Common 17-55] 'set_property' expects at least one object. [/media/justyxx/Julian/Vivado/Projects/lab1-adc2025-g01/processor_arm/constrs/boolean.xdc:45]
Resolution: If [get_<value>] was used to populate the object, check to make sure this command returns at least one valid object.
WARNING: [Vivado 12-584] No ports matched 'D1_a[0]'. [/media/justyxx/Julian/Vivado/Projects/lab1-adc2025-g01/processor_arm/constrs/boolean.xdc:46]
CRITICAL WARNING: [Common 17-55] 'set_property' expects at least one object. [/media/justyxx/Julian/Vivado/Projects/lab1-adc2025-g01/processor_arm/constrs/boolean.xdc:46]
Resolution: If [get_<value>] was used to populate the object, check to make sure this command returns at least one valid object.
WARNING: [Vivado 12-584] No ports matched 'D1_a[1]'. [/media/justyxx/Julian/Vivado/Projects/lab1-adc2025-g01/processor_arm/constrs/boolean.xdc:47]
CRITICAL WARNING: [Common 17-55] 'set_property' expects at least one object. [/media/justyxx/Julian/Vivado/Projects/lab1-adc2025-g01/processor_arm/constrs/boolean.xdc:47]
Resolution: If [get_<value>] was used to populate the object, check to make sure this command returns at least one valid object.
WARNING: [Vivado 12-584] No ports matched 'D1_a[2]'. [/media/justyxx/Julian/Vivado/Projects/lab1-adc2025-g01/processor_arm/constrs/boolean.xdc:48]
CRITICAL WARNING: [Common 17-55] 'set_property' expects at least one object. [/media/justyxx/Julian/Vivado/Projects/lab1-adc2025-g01/processor_arm/constrs/boolean.xdc:48]
Resolution: If [get_<value>] was used to populate the object, check to make sure this command returns at least one valid object.
WARNING: [Vivado 12-584] No ports matched 'D1_a[3]'. [/media/justyxx/Julian/Vivado/Projects/lab1-adc2025-g01/processor_arm/constrs/boolean.xdc:49]
CRITICAL WARNING: [Common 17-55] 'set_property' expects at least one object. [/media/justyxx/Julian/Vivado/Projects/lab1-adc2025-g01/processor_arm/constrs/boolean.xdc:49]
Resolution: If [get_<value>] was used to populate the object, check to make sure this command returns at least one valid object.
WARNING: [Vivado 12-584] No ports matched 'D1_seg[0]'. [/media/justyxx/Julian/Vivado/Projects/lab1-adc2025-g01/processor_arm/constrs/boolean.xdc:50]
CRITICAL WARNING: [Common 17-55] 'set_property' expects at least one object. [/media/justyxx/Julian/Vivado/Projects/lab1-adc2025-g01/processor_arm/constrs/boolean.xdc:50]
Resolution: If [get_<value>] was used to populate the object, check to make sure this command returns at least one valid object.
WARNING: [Vivado 12-584] No ports matched 'D1_seg[1]'. [/media/justyxx/Julian/Vivado/Projects/lab1-adc2025-g01/processor_arm/constrs/boolean.xdc:51]
CRITICAL WARNING: [Common 17-55] 'set_property' expects at least one object. [/media/justyxx/Julian/Vivado/Projects/lab1-adc2025-g01/processor_arm/constrs/boolean.xdc:51]
Resolution: If [get_<value>] was used to populate the object, check to make sure this command returns at least one valid object.
WARNING: [Vivado 12-584] No ports matched 'D1_seg[2]'. [/media/justyxx/Julian/Vivado/Projects/lab1-adc2025-g01/processor_arm/constrs/boolean.xdc:52]
CRITICAL WARNING: [Common 17-55] 'set_property' expects at least one object. [/media/justyxx/Julian/Vivado/Projects/lab1-adc2025-g01/processor_arm/constrs/boolean.xdc:52]
Resolution: If [get_<value>] was used to populate the object, check to make sure this command returns at least one valid object.
WARNING: [Vivado 12-584] No ports matched 'D1_seg[3]'. [/media/justyxx/Julian/Vivado/Projects/lab1-adc2025-g01/processor_arm/constrs/boolean.xdc:53]
CRITICAL WARNING: [Common 17-55] 'set_property' expects at least one object. [/media/justyxx/Julian/Vivado/Projects/lab1-adc2025-g01/processor_arm/constrs/boolean.xdc:53]
Resolution: If [get_<value>] was used to populate the object, check to make sure this command returns at least one valid object.
WARNING: [Vivado 12-584] No ports matched 'D1_seg[4]'. [/media/justyxx/Julian/Vivado/Projects/lab1-adc2025-g01/processor_arm/constrs/boolean.xdc:54]
CRITICAL WARNING: [Common 17-55] 'set_property' expects at least one object. [/media/justyxx/Julian/Vivado/Projects/lab1-adc2025-g01/processor_arm/constrs/boolean.xdc:54]
Resolution: If [get_<value>] was used to populate the object, check to make sure this command returns at least one valid object.
WARNING: [Vivado 12-584] No ports matched 'D1_seg[5]'. [/media/justyxx/Julian/Vivado/Projects/lab1-adc2025-g01/processor_arm/constrs/boolean.xdc:55]
CRITICAL WARNING: [Common 17-55] 'set_property' expects at least one object. [/media/justyxx/Julian/Vivado/Projects/lab1-adc2025-g01/processor_arm/constrs/boolean.xdc:55]
Resolution: If [get_<value>] was used to populate the object, check to make sure this command returns at least one valid object.
WARNING: [Vivado 12-584] No ports matched 'D1_seg[6]'. [/media/justyxx/Julian/Vivado/Projects/lab1-adc2025-g01/processor_arm/constrs/boolean.xdc:56]
CRITICAL WARNING: [Common 17-55] 'set_property' expects at least one object. [/media/justyxx/Julian/Vivado/Projects/lab1-adc2025-g01/processor_arm/constrs/boolean.xdc:56]
Resolution: If [get_<value>] was used to populate the object, check to make sure this command returns at least one valid object.
WARNING: [Vivado 12-584] No ports matched 'D1_seg[7]'. [/media/justyxx/Julian/Vivado/Projects/lab1-adc2025-g01/processor_arm/constrs/boolean.xdc:57]
CRITICAL WARNING: [Common 17-55] 'set_property' expects at least one object. [/media/justyxx/Julian/Vivado/Projects/lab1-adc2025-g01/processor_arm/constrs/boolean.xdc:57]
Resolution: If [get_<value>] was used to populate the object, check to make sure this command returns at least one valid object.
Finished Parsing XDC File [/media/justyxx/Julian/Vivado/Projects/lab1-adc2025-g01/processor_arm/constrs/boolean.xdc]
INFO: [Opt 31-138] Pushed 0 inverter(s) to 0 load pin(s).
Netlist sorting complete. Time (s): cpu = 00:00:00 ; elapsed = 00:00:00 . Memory (MB): peak = 1517.379 ; gain = 0.000 ; free physical = 930 ; free virtual = 5868
INFO: [Project 1-111] Unisim Transformation Summary:
  A total of 86 instances were transformed.
  RAM32M => RAM32M (RAMD32(x6), RAMS32(x2)): 22 instances
  RAM64X1S => RAM64X1S (RAMS64E): 64 instances

7 Infos, 57 Warnings, 57 Critical Warnings and 0 Errors encountered.
link_design completed successfully
Command: opt_design
Attempting to get a license for feature 'Implementation' and/or device 'xc7s50'
INFO: [Common 17-349] Got license for feature 'Implementation' and/or device 'xc7s50'
Running DRC as a precondition to command opt_design

Starting DRC Task
INFO: [DRC 23-27] Running DRC with 4 threads
INFO: [Project 1-461] DRC finished with 0 Errors
INFO: [Project 1-462] Please refer to the DRC report (report_drc) for more information.

Time (s): cpu = 00:00:00.94 ; elapsed = 00:00:00.53 . Memory (MB): peak = 1649.754 ; gain = 132.375 ; free physical = 891 ; free virtual = 5831

Starting Cache Timing Information Task
INFO: [Timing 38-35] Done setting XDC timing constraints.
Ending Cache Timing Information Task | Checksum: 23c341721

Time (s): cpu = 00:00:05 ; elapsed = 00:00:05 . Memory (MB): peak = 2022.527 ; gain = 372.773 ; free physical = 589 ; free virtual = 5526

Starting Logic Optimization Task

Phase 1 Initialization

Phase 1.1 Core Generation And Design Setup
Phase 1.1 Core Generation And Design Setup | Checksum: 23c341721

Time (s): cpu = 00:00:00 ; elapsed = 00:00:00.01 . Memory (MB): peak = 2359.418 ; gain = 0.000 ; free physical = 230 ; free virtual = 5197

Phase 1.2 Setup Constraints And Sort Netlist
Phase 1.2 Setup Constraints And Sort Netlist | Checksum: 23c341721

Time (s): cpu = 00:00:00 ; elapsed = 00:00:00.01 . Memory (MB): peak = 2359.418 ; gain = 0.000 ; free physical = 230 ; free virtual = 5197
Phase 1 Initialization | Checksum: 23c341721

Time (s): cpu = 00:00:00 ; elapsed = 00:00:00.01 . Memory (MB): peak = 2359.418 ; gain = 0.000 ; free physical = 230 ; free virtual = 5197

Phase 2 Timer Update And Timing Data Collection

Phase 2.1 Timer Update
Phase 2.1 Timer Update | Checksum: 23c341721

Time (s): cpu = 00:00:00.02 ; elapsed = 00:00:00.02 . Memory (MB): peak = 2359.418 ; gain = 0.000 ; free physical = 230 ; free virtual = 5198

Phase 2.2 Timing Data Collection
Phase 2.2 Timing Data Collection | Checksum: 23c341721

Time (s): cpu = 00:00:00.02 ; elapsed = 00:00:00.03 . Memory (MB): peak = 2359.418 ; gain = 0.000 ; free physical = 230 ; free virtual = 5198
Phase 2 Timer Update And Timing Data Collection | Checksum: 23c341721

Time (s): cpu = 00:00:00.02 ; elapsed = 00:00:00.03 . Memory (MB): peak = 2359.418 ; gain = 0.000 ; free physical = 230 ; free virtual = 5198

Phase 3 Retarget
INFO: [Opt 31-1851] Number of loadless carry chains removed were: 0
INFO: [Opt 31-1834] Total Chains To Be Transformed Were: 0 AND Number of Transformed insts Created are: 0
INFO: [Opt 31-138] Pushed 0 inverter(s) to 0 load pin(s).
INFO: [Opt 31-49] Retargeted 0 cell(s).
Phase 3 Retarget | Checksum: 1f5384958

Time (s): cpu = 00:00:00.04 ; elapsed = 00:00:00.05 . Memory (MB): peak = 2359.418 ; gain = 0.000 ; free physical = 230 ; free virtual = 5198
Retarget | Checksum: 1f5384958
INFO: [Opt 31-389] Phase Retarget created 0 cells and removed 1 cells

Phase 4 Constant propagation
INFO: [Opt 31-138] Pushed 0 inverter(s) to 0 load pin(s).
Phase 4 Constant propagation | Checksum: 14f446828

Time (s): cpu = 00:00:00.04 ; elapsed = 00:00:00.05 . Memory (MB): peak = 2359.418 ; gain = 0.000 ; free physical = 230 ; free virtual = 5198
Constant propagation | Checksum: 14f446828
INFO: [Opt 31-389] Phase Constant propagation created 0 cells and removed 0 cells

Phase 5 Sweep
INFO: [Constraints 18-11670] Building netlist checker database with flags, 0x8
Done building netlist checker database: Time (s): cpu = 00:00:00 ; elapsed = 00:00:00 . Memory (MB): peak = 2359.418 ; gain = 0.000 ; free physical = 230 ; free virtual = 5198
Phase 5 Sweep | Checksum: 135d9c280

Time (s): cpu = 00:00:00.05 ; elapsed = 00:00:00.06 . Memory (MB): peak = 2359.418 ; gain = 0.000 ; free physical = 230 ; free virtual = 5198
Sweep | Checksum: 135d9c280
INFO: [Opt 31-389] Phase Sweep created 0 cells and removed 0 cells

Phase 6 BUFG optimization
Phase 6 BUFG optimization | Checksum: 135d9c280

Time (s): cpu = 00:00:00.07 ; elapsed = 00:00:00.07 . Memory (MB): peak = 2391.434 ; gain = 32.016 ; free physical = 231 ; free virtual = 5198
BUFG optimization | Checksum: 135d9c280
INFO: [Opt 31-662] Phase BUFG optimization created 0 cells of which 0 are BUFGs and removed 0 cells.

Phase 7 Shift Register Optimization
INFO: [Opt 31-1064] SRL Remap converted 0 SRLs to 0 registers and converted 0 registers of register chains to 0 SRLs
Phase 7 Shift Register Optimization | Checksum: 135d9c280

Time (s): cpu = 00:00:00.08 ; elapsed = 00:00:00.08 . Memory (MB): peak = 2391.434 ; gain = 32.016 ; free physical = 231 ; free virtual = 5198
Shift Register Optimization | Checksum: 135d9c280
INFO: [Opt 31-389] Phase Shift Register Optimization created 0 cells and removed 0 cells

Phase 8 Post Processing Netlist
Phase 8 Post Processing Netlist | Checksum: 135d9c280

Time (s): cpu = 00:00:00.08 ; elapsed = 00:00:00.08 . Memory (MB): peak = 2391.434 ; gain = 32.016 ; free physical = 231 ; free virtual = 5198
Post Processing Netlist | Checksum: 135d9c280
INFO: [Opt 31-389] Phase Post Processing Netlist created 0 cells and removed 0 cells

Phase 9 Finalization

Phase 9.1 Finalizing Design Cores and Updating Shapes
Phase 9.1 Finalizing Design Cores and Updating Shapes | Checksum: 19180984f

Time (s): cpu = 00:00:00.09 ; elapsed = 00:00:00.09 . Memory (MB): peak = 2391.434 ; gain = 32.016 ; free physical = 231 ; free virtual = 5198

Phase 9.2 Verifying Netlist Connectivity

Starting Connectivity Check Task

Time (s): cpu = 00:00:00.01 ; elapsed = 00:00:00.01 . Memory (MB): peak = 2391.434 ; gain = 0.000 ; free physical = 231 ; free virtual = 5198
Phase 9.2 Verifying Netlist Connectivity | Checksum: 19180984f

Time (s): cpu = 00:00:00.1 ; elapsed = 00:00:00.1 . Memory (MB): peak = 2391.434 ; gain = 32.016 ; free physical = 231 ; free virtual = 5198
Phase 9 Finalization | Checksum: 19180984f

Time (s): cpu = 00:00:00.1 ; elapsed = 00:00:00.1 . Memory (MB): peak = 2391.434 ; gain = 32.016 ; free physical = 231 ; free virtual = 5198
Opt_design Change Summary
=========================


-------------------------------------------------------------------------------------------------------------------------
|  Phase                        |  #Cells created  |  #Cells Removed  |  #Constrained objects preventing optimizations  |
-------------------------------------------------------------------------------------------------------------------------
|  Retarget                     |               0  |               1  |                                              0  |
|  Constant propagation         |               0  |               0  |                                              0  |
|  Sweep                        |               0  |               0  |                                              0  |
|  BUFG optimization            |               0  |               0  |                                              0  |
|  Shift Register Optimization  |               0  |               0  |                                              0  |
|  Post Processing Netlist      |               0  |               0  |                                              0  |
-------------------------------------------------------------------------------------------------------------------------


Ending Logic Optimization Task | Checksum: 19180984f

Time (s): cpu = 00:00:00.1 ; elapsed = 00:00:00.1 . Memory (MB): peak = 2391.434 ; gain = 32.016 ; free physical = 231 ; free virtual = 5198

Starting Power Optimization Task
INFO: [Pwropt 34-132] Skipping clock gating for clocks with a period < 2.00 ns.
Ending Power Optimization Task | Checksum: 19180984f

Time (s): cpu = 00:00:00 ; elapsed = 00:00:00 . Memory (MB): peak = 2391.434 ; gain = 0.000 ; free physical = 231 ; free virtual = 5198

Starting Final Cleanup Task
Ending Final Cleanup Task | Checksum: 19180984f

Time (s): cpu = 00:00:00 ; elapsed = 00:00:00 . Memory (MB): peak = 2391.434 ; gain = 0.000 ; free physical = 231 ; free virtual = 5198

Starting Netlist Obfuscation Task
Netlist sorting complete. Time (s): cpu = 00:00:00 ; elapsed = 00:00:00 . Memory (MB): peak = 2391.434 ; gain = 0.000 ; free physical = 231 ; free virtual = 5198
Ending Netlist Obfuscation Task | Checksum: 19180984f

Time (s): cpu = 00:00:00.01 ; elapsed = 00:00:00 . Memory (MB): peak = 2391.434 ; gain = 0.000 ; free physical = 231 ; free virtual = 5198
INFO: [Common 17-83] Releasing license: Implementation
27 Infos, 57 Warnings, 57 Critical Warnings and 0 Errors encountered.
opt_design completed successfully
opt_design: Time (s): cpu = 00:00:08 ; elapsed = 00:00:07 . Memory (MB): peak = 2391.434 ; gain = 874.055 ; free physical = 231 ; free virtual = 5198
INFO: [Vivado 12-24828] Executing command : report_drc -file processor_arm_drc_opted.rpt -pb processor_arm_drc_opted.pb -rpx processor_arm_drc_opted.rpx
Command: report_drc -file processor_arm_drc_opted.rpt -pb processor_arm_drc_opted.pb -rpx processor_arm_drc_opted.rpx
INFO: [IP_Flow 19-234] Refreshing IP repositories
INFO: [IP_Flow 19-1704] No user IP repositories specified
INFO: [IP_Flow 19-2313] Loaded Vivado IP repository '/media/justyxx/Julian/Vivado/Vivado/2024.2/data/ip'.
INFO: [DRC 23-27] Running DRC with 4 threads
INFO: [Vivado_Tcl 2-168] The results of DRC are in file /media/justyxx/Julian/Vivado/Projects/lab1-adc2025-g01/processor_arm/processor_arm.runs/impl_1/processor_arm_drc_opted.rpt.
report_drc completed successfully
Write ShapeDB Complete: Time (s): cpu = 00:00:00 ; elapsed = 00:00:00 . Memory (MB): peak = 2391.434 ; gain = 0.000 ; free physical = 212 ; free virtual = 5163
INFO: [Timing 38-480] Writing timing data to binary archive.
INFO: [Common 17-1381] The checkpoint '/media/justyxx/Julian/Vivado/Projects/lab1-adc2025-g01/processor_arm/processor_arm.runs/impl_1/processor_arm_opt.dcp' has been generated.
Command: place_design
Attempting to get a license for feature 'Implementation' and/or device 'xc7s50'
INFO: [Common 17-349] Got license for feature 'Implementation' and/or device 'xc7s50'
INFO: [Common 17-83] Releasing license: Implementation
INFO: [DRC 23-27] Running DRC with 4 threads
INFO: [Vivado_Tcl 4-198] DRC finished with 0 Errors
INFO: [Vivado_Tcl 4-199] Please refer to the DRC report (report_drc) for more information.
Running DRC as a precondition to command place_design
INFO: [DRC 23-27] Running DRC with 4 threads
INFO: [Vivado_Tcl 4-198] DRC finished with 0 Errors
INFO: [Vivado_Tcl 4-199] Please refer to the DRC report (report_drc) for more information.
INFO: [Place 30-611] Multithreading enabled for place_design using a maximum of 4 CPUs

Starting Placer Task

Phase 1 Placer Initialization

Phase 1.1 Placer Initialization Netlist Sorting
Netlist sorting complete. Time (s): cpu = 00:00:00 ; elapsed = 00:00:00 . Memory (MB): peak = 2391.434 ; gain = 0.000 ; free physical = 186 ; free virtual = 5166
Phase 1.1 Placer Initialization Netlist Sorting | Checksum: d3afb365

Time (s): cpu = 00:00:00 ; elapsed = 00:00:00 . Memory (MB): peak = 2391.434 ; gain = 0.000 ; free physical = 186 ; free virtual = 5166
Netlist sorting complete. Time (s): cpu = 00:00:00 ; elapsed = 00:00:00 . Memory (MB): peak = 2391.434 ; gain = 0.000 ; free physical = 186 ; free virtual = 5166

Phase 1.2 IO Placement/ Clock Placement/ Build Placer Device
INFO: [Timing 38-35] Done setting XDC timing constraints.
Phase 1.2 IO Placement/ Clock Placement/ Build Placer Device | Checksum: 1f35354ba

Time (s): cpu = 00:00:00.7 ; elapsed = 00:00:00.43 . Memory (MB): peak = 2391.434 ; gain = 0.000 ; free physical = 167 ; free virtual = 5153

Phase 1.3 Build Placer Netlist Model
Phase 1.3 Build Placer Netlist Model | Checksum: 28ef81a38

Time (s): cpu = 00:00:00.81 ; elapsed = 00:00:00.51 . Memory (MB): peak = 2391.434 ; gain = 0.000 ; free physical = 167 ; free virtual = 5154

Phase 1.4 Constrain Clocks/Macros
Phase 1.4 Constrain Clocks/Macros | Checksum: 28ef81a38

Time (s): cpu = 00:00:00.82 ; elapsed = 00:00:00.51 . Memory (MB): peak = 2391.434 ; gain = 0.000 ; free physical = 167 ; free virtual = 5154
Phase 1 Placer Initialization | Checksum: 28ef81a38

Time (s): cpu = 00:00:00.83 ; elapsed = 00:00:00.51 . Memory (MB): peak = 2391.434 ; gain = 0.000 ; free physical = 167 ; free virtual = 5154

Phase 2 Global Placement

Phase 2.1 Floorplanning
Phase 2.1 Floorplanning | Checksum: 28ef81a38

Time (s): cpu = 00:00:00.84 ; elapsed = 00:00:00.53 . Memory (MB): peak = 2391.434 ; gain = 0.000 ; free physical = 166 ; free virtual = 5148

Phase 2.2 Update Timing before SLR Path Opt
Phase 2.2 Update Timing before SLR Path Opt | Checksum: 28ef81a38

Time (s): cpu = 00:00:00.84 ; elapsed = 00:00:00.54 . Memory (MB): peak = 2391.434 ; gain = 0.000 ; free physical = 166 ; free virtual = 5149

Phase 2.3 Post-Processing in Floorplanning
Phase 2.3 Post-Processing in Floorplanning | Checksum: 28ef81a38

Time (s): cpu = 00:00:00.85 ; elapsed = 00:00:00.54 . Memory (MB): peak = 2391.434 ; gain = 0.000 ; free physical = 166 ; free virtual = 5149

Phase 2.4 Global Place Phase1
Phase 2.4 Global Place Phase1 | Checksum: 2357ff4e9

Time (s): cpu = 00:00:01 ; elapsed = 00:00:00.76 . Memory (MB): peak = 2391.434 ; gain = 0.000 ; free physical = 248 ; free virtual = 5191

Phase 2.5 Global Place Phase2
WARNING: [Place 46-29] Timing had been disabled during Placer and, therefore, physical synthesis in Placer will be skipped.
Phase 2.5 Global Place Phase2 | Checksum: 2b40d0eca

Time (s): cpu = 00:00:02 ; elapsed = 00:00:00.82 . Memory (MB): peak = 2391.434 ; gain = 0.000 ; free physical = 247 ; free virtual = 5192
Phase 2 Global Placement | Checksum: 2b40d0eca

Time (s): cpu = 00:00:02 ; elapsed = 00:00:00.82 . Memory (MB): peak = 2391.434 ; gain = 0.000 ; free physical = 247 ; free virtual = 5191

Phase 3 Detail Placement

Phase 3.1 Commit Multi Column Macros
Phase 3.1 Commit Multi Column Macros | Checksum: 2b40d0eca

Time (s): cpu = 00:00:02 ; elapsed = 00:00:00.83 . Memory (MB): peak = 2391.434 ; gain = 0.000 ; free physical = 247 ; free virtual = 5191

Phase 3.2 Commit Most Macros & LUTRAMs
Phase 3.2 Commit Most Macros & LUTRAMs | Checksum: 240ca01ed

Time (s): cpu = 00:00:02 ; elapsed = 00:00:00.88 . Memory (MB): peak = 2391.434 ; gain = 0.000 ; free physical = 247 ; free virtual = 5192

Phase 3.3 Area Swap Optimization
Phase 3.3 Area Swap Optimization | Checksum: 227bbfabb

Time (s): cpu = 00:00:02 ; elapsed = 00:00:00.9 . Memory (MB): peak = 2391.434 ; gain = 0.000 ; free physical = 247 ; free virtual = 5191

Phase 3.4 Pipeline Register Optimization
Phase 3.4 Pipeline Register Optimization | Checksum: 227bbfabb

Time (s): cpu = 00:00:02 ; elapsed = 00:00:00.9 . Memory (MB): peak = 2391.434 ; gain = 0.000 ; free physical = 247 ; free virtual = 5191

Phase 3.5 Small Shape Detail Placement
Phase 3.5 Small Shape Detail Placement | Checksum: 2598d8780

Time (s): cpu = 00:00:02 ; elapsed = 00:00:01 . Memory (MB): peak = 2391.434 ; gain = 0.000 ; free physical = 243 ; free virtual = 5189

Phase 3.6 Re-assign LUT pins
Phase 3.6 Re-assign LUT pins | Checksum: 2598d8780

Time (s): cpu = 00:00:02 ; elapsed = 00:00:01 . Memory (MB): peak = 2391.434 ; gain = 0.000 ; free physical = 243 ; free virtual = 5189

Phase 3.7 Pipeline Register Optimization
Phase 3.7 Pipeline Register Optimization | Checksum: 2598d8780

Time (s): cpu = 00:00:02 ; elapsed = 00:00:01 . Memory (MB): peak = 2391.434 ; gain = 0.000 ; free physical = 243 ; free virtual = 5189
Phase 3 Detail Placement | Checksum: 2598d8780

Time (s): cpu = 00:00:02 ; elapsed = 00:00:01 . Memory (MB): peak = 2391.434 ; gain = 0.000 ; free physical = 243 ; free virtual = 5189

Phase 4 Post Placement Optimization and Clean-Up

Phase 4.1 Post Commit Optimization
Phase 4.1 Post Commit Optimization | Checksum: 2598d8780

Time (s): cpu = 00:00:02 ; elapsed = 00:00:01 . Memory (MB): peak = 2391.434 ; gain = 0.000 ; free physical = 243 ; free virtual = 5189

Phase 4.2 Post Placement Cleanup
Phase 4.2 Post Placement Cleanup | Checksum: 2598d8780

Time (s): cpu = 00:00:02 ; elapsed = 00:00:01 . Memory (MB): peak = 2391.434 ; gain = 0.000 ; free physical = 243 ; free virtual = 5189

Phase 4.3 Placer Reporting

Phase 4.3.1 Print Estimated Congestion
INFO: [Place 30-612] Post-Placement Estimated Congestion 
 ____________________________________________________
|           | Global Congestion | Short Congestion  |
| Direction | Region Size       | Region Size       |
|___________|___________________|___________________|
|      North|                1x1|                1x1|
|___________|___________________|___________________|
|      South|                1x1|                1x1|
|___________|___________________|___________________|
|       East|                1x1|                1x1|
|___________|___________________|___________________|
|       West|                1x1|                1x1|
|___________|___________________|___________________|

Phase 4.3.1 Print Estimated Congestion | Checksum: 2598d8780

Time (s): cpu = 00:00:02 ; elapsed = 00:00:01 . Memory (MB): peak = 2391.434 ; gain = 0.000 ; free physical = 243 ; free virtual = 5189
Phase 4.3 Placer Reporting | Checksum: 2598d8780

Time (s): cpu = 00:00:02 ; elapsed = 00:00:01 . Memory (MB): peak = 2391.434 ; gain = 0.000 ; free physical = 243 ; free virtual = 5189

Phase 4.4 Final Placement Cleanup
Netlist sorting complete. Time (s): cpu = 00:00:00 ; elapsed = 00:00:00 . Memory (MB): peak = 2391.434 ; gain = 0.000 ; free physical = 243 ; free virtual = 5189

Time (s): cpu = 00:00:02 ; elapsed = 00:00:01 . Memory (MB): peak = 2391.434 ; gain = 0.000 ; free physical = 243 ; free virtual = 5189
Phase 4 Post Placement Optimization and Clean-Up | Checksum: 2598d8780

Time (s): cpu = 00:00:02 ; elapsed = 00:00:01 . Memory (MB): peak = 2391.434 ; gain = 0.000 ; free physical = 243 ; free virtual = 5189
Ending Placer Task | Checksum: 1c854a835

Time (s): cpu = 00:00:02 ; elapsed = 00:00:01 . Memory (MB): peak = 2391.434 ; gain = 0.000 ; free physical = 243 ; free virtual = 5189
46 Infos, 58 Warnings, 57 Critical Warnings and 0 Errors encountered.
place_design completed successfully
INFO: [Vivado 12-24838] Running report commands "report_control_sets, report_io, report_utilization" in parallel.
Running report generation with 2 threads.
INFO: [Vivado 12-24828] Executing command : report_utilization -file processor_arm_utilization_placed.rpt -pb processor_arm_utilization_placed.pb
INFO: [Vivado 12-24828] Executing command : report_io -file processor_arm_io_placed.rpt
report_io: Time (s): cpu = 00:00:00.16 ; elapsed = 00:00:00.23 . Memory (MB): peak = 2391.434 ; gain = 0.000 ; free physical = 216 ; free virtual = 5162
INFO: [Vivado 12-24828] Executing command : report_control_sets -verbose -file processor_arm_control_sets_placed.rpt
report_control_sets: Time (s): cpu = 00:00:00.04 ; elapsed = 00:00:00.11 . Memory (MB): peak = 2391.434 ; gain = 0.000 ; free physical = 214 ; free virtual = 5160
Write ShapeDB Complete: Time (s): cpu = 00:00:00.01 ; elapsed = 00:00:00 . Memory (MB): peak = 2392.438 ; gain = 0.000 ; free physical = 214 ; free virtual = 5160
INFO: [Timing 38-480] Writing timing data to binary archive.
Wrote PlaceDB: Time (s): cpu = 00:00:00.24 ; elapsed = 00:00:00.12 . Memory (MB): peak = 2392.438 ; gain = 0.000 ; free physical = 210 ; free virtual = 5159
Wrote PulsedLatchDB: Time (s): cpu = 00:00:00 ; elapsed = 00:00:00 . Memory (MB): peak = 2392.438 ; gain = 0.000 ; free physical = 210 ; free virtual = 5159
Writing XDEF routing.
Writing XDEF routing logical nets.
Writing XDEF routing special nets.
Wrote RouteStorage: Time (s): cpu = 00:00:00.01 ; elapsed = 00:00:00.01 . Memory (MB): peak = 2392.438 ; gain = 0.000 ; free physical = 210 ; free virtual = 5159
Wrote Netlist Cache: Time (s): cpu = 00:00:00 ; elapsed = 00:00:00 . Memory (MB): peak = 2392.438 ; gain = 0.000 ; free physical = 210 ; free virtual = 5159
Wrote Device Cache: Time (s): cpu = 00:00:00.01 ; elapsed = 00:00:00.01 . Memory (MB): peak = 2392.438 ; gain = 0.000 ; free physical = 210 ; free virtual = 5159
Write Physdb Complete: Time (s): cpu = 00:00:00.27 ; elapsed = 00:00:00.15 . Memory (MB): peak = 2392.438 ; gain = 0.000 ; free physical = 210 ; free virtual = 5159
INFO: [Common 17-1381] The checkpoint '/media/justyxx/Julian/Vivado/Projects/lab1-adc2025-g01/processor_arm/processor_arm.runs/impl_1/processor_arm_placed.dcp' has been generated.
Command: phys_opt_design
Attempting to get a license for feature 'Implementation' and/or device 'xc7s50'
INFO: [Common 17-349] Got license for feature 'Implementation' and/or device 'xc7s50'

Starting Initial Update Timing Task

Time (s): cpu = 00:00:00.18 ; elapsed = 00:00:00.11 . Memory (MB): peak = 2392.438 ; gain = 0.000 ; free physical = 179 ; free virtual = 5131
INFO: [Vivado_Tcl 4-235] No timing constraint found. The netlist was not modified.
INFO: [Common 17-83] Releasing license: Implementation
55 Infos, 58 Warnings, 57 Critical Warnings and 0 Errors encountered.
phys_opt_design completed successfully
Write ShapeDB Complete: Time (s): cpu = 00:00:00.01 ; elapsed = 00:00:00.01 . Memory (MB): peak = 2410.250 ; gain = 0.000 ; free physical = 169 ; free virtual = 5120
INFO: [Timing 38-480] Writing timing data to binary archive.
Wrote PlaceDB: Time (s): cpu = 00:00:00.25 ; elapsed = 00:00:00.12 . Memory (MB): peak = 2423.172 ; gain = 6.984 ; free physical = 160 ; free virtual = 5113
Wrote PulsedLatchDB: Time (s): cpu = 00:00:00 ; elapsed = 00:00:00 . Memory (MB): peak = 2423.172 ; gain = 0.000 ; free physical = 160 ; free virtual = 5113
Writing XDEF routing.
Writing XDEF routing logical nets.
Writing XDEF routing special nets.
Wrote RouteStorage: Time (s): cpu = 00:00:00.01 ; elapsed = 00:00:00.02 . Memory (MB): peak = 2423.172 ; gain = 0.000 ; free physical = 160 ; free virtual = 5112
Wrote Netlist Cache: Time (s): cpu = 00:00:00 ; elapsed = 00:00:00 . Memory (MB): peak = 2423.172 ; gain = 0.000 ; free physical = 160 ; free virtual = 5112
Wrote Device Cache: Time (s): cpu = 00:00:00.01 ; elapsed = 00:00:00.01 . Memory (MB): peak = 2423.172 ; gain = 0.000 ; free physical = 160 ; free virtual = 5113
Write Physdb Complete: Time (s): cpu = 00:00:00.27 ; elapsed = 00:00:00.15 . Memory (MB): peak = 2423.172 ; gain = 12.922 ; free physical = 160 ; free virtual = 5113
INFO: [Common 17-1381] The checkpoint '/media/justyxx/Julian/Vivado/Projects/lab1-adc2025-g01/processor_arm/processor_arm.runs/impl_1/processor_arm_physopt.dcp' has been generated.
Command: route_design
Attempting to get a license for feature 'Implementation' and/or device 'xc7s50'
INFO: [Common 17-349] Got license for feature 'Implementation' and/or device 'xc7s50'


Starting Routing Task
INFO: [Route 35-254] Multithreading enabled for route_design using a maximum of 4 CPUs

Phase 1 Build RT Design
Checksum: PlaceDB: 80845e0b ConstDB: 0 ShapeSum: 9d3f16f4 RouteDB: aa913336
Post Restoration Checksum: NetGraph: 4cbc47cb | NumContArr: 310835e8 | Constraints: c2a8fa9d | Timing: c2a8fa9d
Phase 1 Build RT Design | Checksum: 2031672ed

Time (s): cpu = 00:00:14 ; elapsed = 00:00:12 . Memory (MB): peak = 2507.133 ; gain = 83.961 ; free physical = 141 ; free virtual = 4979

Phase 2 Router Initialization
INFO: [Route 35-64] No timing constraints were detected. The router will operate in resource-optimization mode.

Phase 2.1 Fix Topology Constraints
Phase 2.1 Fix Topology Constraints | Checksum: 2031672ed

Time (s): cpu = 00:00:14 ; elapsed = 00:00:12 . Memory (MB): peak = 2522.133 ; gain = 98.961 ; free physical = 143 ; free virtual = 4964

Phase 2.2 Pre Route Cleanup
Phase 2.2 Pre Route Cleanup | Checksum: 2031672ed

Time (s): cpu = 00:00:14 ; elapsed = 00:00:12 . Memory (MB): peak = 2522.133 ; gain = 98.961 ; free physical = 178 ; free virtual = 4971
 Number of Nodes with overlaps = 0

Router Utilization Summary
  Global Vertical Routing Utilization    = 0 %
  Global Horizontal Routing Utilization  = 0 %
  Routable Net Status*
  *Does not include unroutable nets such as driverless and loadless.
  Run report_route_status for detailed report.
  Number of Failed Nets               = 807
    (Failed Nets is the sum of unrouted and partially routed nets)
  Number of Unrouted Nets             = 807
  Number of Partially Routed Nets     = 0
  Number of Node Overlaps             = 0

Phase 2 Router Initialization | Checksum: 24bc569e9

Time (s): cpu = 00:00:15 ; elapsed = 00:00:13 . Memory (MB): peak = 2538.133 ; gain = 114.961 ; free physical = 219 ; free virtual = 4953

Phase 3 Global Routing
Phase 3 Global Routing | Checksum: 24bc569e9

Time (s): cpu = 00:00:15 ; elapsed = 00:00:13 . Memory (MB): peak = 2538.133 ; gain = 114.961 ; free physical = 219 ; free virtual = 4953

Phase 4 Initial Routing

Phase 4.1 Initial Net Routing Pass
Phase 4.1 Initial Net Routing Pass | Checksum: 2afb28be7

Time (s): cpu = 00:00:16 ; elapsed = 00:00:13 . Memory (MB): peak = 2538.133 ; gain = 114.961 ; free physical = 218 ; free virtual = 4953
Phase 4 Initial Routing | Checksum: 2afb28be7

Time (s): cpu = 00:00:16 ; elapsed = 00:00:13 . Memory (MB): peak = 2538.133 ; gain = 114.961 ; free physical = 218 ; free virtual = 4953

Phase 5 Rip-up And Reroute

Phase 5.1 Global Iteration 0
 Number of Nodes with overlaps = 91
 Number of Nodes with overlaps = 0
Phase 5.1 Global Iteration 0 | Checksum: 2003add3b

Time (s): cpu = 00:00:16 ; elapsed = 00:00:13 . Memory (MB): peak = 2538.133 ; gain = 114.961 ; free physical = 218 ; free virtual = 4953
Phase 5 Rip-up And Reroute | Checksum: 2003add3b

Time (s): cpu = 00:00:16 ; elapsed = 00:00:13 . Memory (MB): peak = 2538.133 ; gain = 114.961 ; free physical = 218 ; free virtual = 4953

Phase 6 Delay and Skew Optimization
Phase 6 Delay and Skew Optimization | Checksum: 2003add3b

Time (s): cpu = 00:00:16 ; elapsed = 00:00:13 . Memory (MB): peak = 2538.133 ; gain = 114.961 ; free physical = 218 ; free virtual = 4953

Phase 7 Post Hold Fix

Phase 7.1 Hold Fix Iter
Phase 7.1 Hold Fix Iter | Checksum: 2003add3b

Time (s): cpu = 00:00:16 ; elapsed = 00:00:13 . Memory (MB): peak = 2538.133 ; gain = 114.961 ; free physical = 218 ; free virtual = 4953
Phase 7 Post Hold Fix | Checksum: 2003add3b

Time (s): cpu = 00:00:16 ; elapsed = 00:00:13 . Memory (MB): peak = 2538.133 ; gain = 114.961 ; free physical = 218 ; free virtual = 4953

Phase 8 Route finalize

Router Utilization Summary
  Global Vertical Routing Utilization    = 0.505461 %
  Global Horizontal Routing Utilization  = 0.63873 %
  Routable Net Status*
  *Does not include unroutable nets such as driverless and loadless.
  Run report_route_status for detailed report.
  Number of Failed Nets               = 0
    (Failed Nets is the sum of unrouted and partially routed nets)
  Number of Unrouted Nets             = 0
  Number of Partially Routed Nets     = 0
  Number of Node Overlaps             = 0


--GLOBAL Congestion:
Utilization threshold used for congestion level computation: 0.85
Congestion Report
North Dir 1x1 Area, Max Cong = 26.1261%, No Congested Regions.
South Dir 1x1 Area, Max Cong = 36.9369%, No Congested Regions.
East Dir 1x1 Area, Max Cong = 44.1176%, No Congested Regions.
West Dir 1x1 Area, Max Cong = 39.7059%, No Congested Regions.

------------------------------
Reporting congestion hotspots
------------------------------
Direction: North
----------------
Congested clusters found at Level 0
Effective congestion level: 0 Aspect Ratio: 1 Sparse Ratio: 0
Direction: South
----------------
Congested clusters found at Level 0
Effective congestion level: 0 Aspect Ratio: 1 Sparse Ratio: 0
Direction: East
----------------
Congested clusters found at Level 0
Effective congestion level: 0 Aspect Ratio: 1 Sparse Ratio: 0
Direction: West
----------------
Congested clusters found at Level 0
Effective congestion level: 0 Aspect Ratio: 1 Sparse Ratio: 0

Phase 8 Route finalize | Checksum: 2003add3b

Time (s): cpu = 00:00:16 ; elapsed = 00:00:13 . Memory (MB): peak = 2538.133 ; gain = 114.961 ; free physical = 218 ; free virtual = 4953

Phase 9 Verifying routed nets

 Verification completed successfully
Phase 9 Verifying routed nets | Checksum: 2003add3b

Time (s): cpu = 00:00:16 ; elapsed = 00:00:13 . Memory (MB): peak = 2538.133 ; gain = 114.961 ; free physical = 218 ; free virtual = 4953

Phase 10 Depositing Routes
Phase 10 Depositing Routes | Checksum: 1d4695c2c

Time (s): cpu = 00:00:16 ; elapsed = 00:00:13 . Memory (MB): peak = 2538.133 ; gain = 114.961 ; free physical = 218 ; free virtual = 4953

Phase 11 Post Process Routing
Phase 11 Post Process Routing | Checksum: 1d4695c2c

Time (s): cpu = 00:00:16 ; elapsed = 00:00:13 . Memory (MB): peak = 2538.133 ; gain = 114.961 ; free physical = 218 ; free virtual = 4953
Total Elapsed time in route_design: 13.18 secs

Phase 12 Post-Route Event Processing
Phase 12 Post-Route Event Processing | Checksum: 270ae8c90

Time (s): cpu = 00:00:16 ; elapsed = 00:00:13 . Memory (MB): peak = 2538.133 ; gain = 114.961 ; free physical = 218 ; free virtual = 4953
INFO: [Route 35-16] Router Completed Successfully
Ending Routing Task | Checksum: 270ae8c90

Time (s): cpu = 00:00:16 ; elapsed = 00:00:13 . Memory (MB): peak = 2538.133 ; gain = 114.961 ; free physical = 218 ; free virtual = 4953

Routing Is Done.
INFO: [Common 17-83] Releasing license: Implementation
62 Infos, 58 Warnings, 57 Critical Warnings and 0 Errors encountered.
route_design completed successfully
route_design: Time (s): cpu = 00:00:16 ; elapsed = 00:00:13 . Memory (MB): peak = 2538.133 ; gain = 114.961 ; free physical = 218 ; free virtual = 4953
INFO: [Vivado 12-24828] Executing command : report_drc -file processor_arm_drc_routed.rpt -pb processor_arm_drc_routed.pb -rpx processor_arm_drc_routed.rpx
Command: report_drc -file processor_arm_drc_routed.rpt -pb processor_arm_drc_routed.pb -rpx processor_arm_drc_routed.rpx
INFO: [IP_Flow 19-1839] IP Catalog is up to date.
INFO: [DRC 23-27] Running DRC with 4 threads
INFO: [Vivado_Tcl 2-168] The results of DRC are in file /media/justyxx/Julian/Vivado/Projects/lab1-adc2025-g01/processor_arm/processor_arm.runs/impl_1/processor_arm_drc_routed.rpt.
report_drc completed successfully
INFO: [Vivado 12-24828] Executing command : report_methodology -file processor_arm_methodology_drc_routed.rpt -pb processor_arm_methodology_drc_routed.pb -rpx processor_arm_methodology_drc_routed.rpx
Command: report_methodology -file processor_arm_methodology_drc_routed.rpt -pb processor_arm_methodology_drc_routed.pb -rpx processor_arm_methodology_drc_routed.rpx
INFO: [Timing 38-35] Done setting XDC timing constraints.
INFO: [DRC 23-133] Running Methodology with 4 threads
INFO: [Vivado_Tcl 2-1520] The results of Report Methodology are in file /media/justyxx/Julian/Vivado/Projects/lab1-adc2025-g01/processor_arm/processor_arm.runs/impl_1/processor_arm_methodology_drc_routed.rpt.
report_methodology completed successfully
INFO: [Vivado 12-24828] Executing command : report_timing_summary -max_paths 10 -report_unconstrained -file processor_arm_timing_summary_routed.rpt -pb processor_arm_timing_summary_routed.pb -rpx processor_arm_timing_summary_routed.rpx -warn_on_violation 
INFO: [Timing 38-35] Done setting XDC timing constraints.
INFO: [Timing 38-91] UpdateTimingParams: Speed grade: -1, Delay Type: min_max.
INFO: [Timing 38-191] Multithreading enabled for timing update using a maximum of 4 CPUs
WARNING: [Timing 38-313] There are no user specified timing constraints. Timing constraints are needed for proper timing analysis.
INFO: [Vivado 12-24838] Running report commands "report_bus_skew, report_incremental_reuse, report_route_status" in parallel.
Running report generation with 2 threads.
INFO: [Vivado 12-24828] Executing command : report_route_status -file processor_arm_route_status.rpt -pb processor_arm_route_status.pb
INFO: [Vivado 12-24828] Executing command : report_incremental_reuse -file processor_arm_incremental_reuse_routed.rpt
INFO: [Vivado_Tcl 4-1062] Incremental flow is disabled. No incremental reuse Info to report.
INFO: [Vivado 12-24828] Executing command : report_bus_skew -warn_on_violation -file processor_arm_bus_skew_routed.rpt -pb processor_arm_bus_skew_routed.pb -rpx processor_arm_bus_skew_routed.rpx
INFO: [Timing 38-91] UpdateTimingParams: Speed grade: -1, Delay Type: min_max.
INFO: [Timing 38-191] Multithreading enabled for timing update using a maximum of 4 CPUs
INFO: [Vivado 12-24828] Executing command : report_power -file processor_arm_power_routed.rpt -pb processor_arm_power_summary_routed.pb -rpx processor_arm_power_routed.rpx
Command: report_power -file processor_arm_power_routed.rpt -pb processor_arm_power_summary_routed.pb -rpx processor_arm_power_routed.rpx
WARNING: [Power 33-232] No user defined clocks were found in the design! Power estimation will be inaccurate until this is corrected.
Resolution: Please specify clocks using create_clock/create_generated_clock for sequential elements. For pure combinatorial circuits, please specify a virtual clock, otherwise the vectorless estimation might be inaccurate
Running Vector-less Activity Propagation...

Finished Running Vector-less Activity Propagation
82 Infos, 60 Warnings, 57 Critical Warnings and 0 Errors encountered.
report_power completed successfully
INFO: [Vivado 12-24828] Executing command : report_clock_utilization -file processor_arm_clock_utilization_routed.rpt
generate_parallel_reports: Time (s): cpu = 00:00:14 ; elapsed = 00:00:06 . Memory (MB): peak = 2640.391 ; gain = 102.258 ; free physical = 162 ; free virtual = 4910
Write ShapeDB Complete: Time (s): cpu = 00:00:00.01 ; elapsed = 00:00:00.01 . Memory (MB): peak = 2640.391 ; gain = 0.000 ; free physical = 162 ; free virtual = 4910
INFO: [Timing 38-480] Writing timing data to binary archive.
Wrote PlaceDB: Time (s): cpu = 00:00:00.22 ; elapsed = 00:00:00.11 . Memory (MB): peak = 2640.391 ; gain = 0.000 ; free physical = 160 ; free virtual = 4910
Wrote PulsedLatchDB: Time (s): cpu = 00:00:00 ; elapsed = 00:00:00 . Memory (MB): peak = 2640.391 ; gain = 0.000 ; free physical = 160 ; free virtual = 4910
Writing XDEF routing.
Writing XDEF routing logical nets.
Writing XDEF routing special nets.
Wrote RouteStorage: Time (s): cpu = 00:00:00.04 ; elapsed = 00:00:00.04 . Memory (MB): peak = 2640.391 ; gain = 0.000 ; free physical = 161 ; free virtual = 4911
Wrote Netlist Cache: Time (s): cpu = 00:00:00 ; elapsed = 00:00:00 . Memory (MB): peak = 2640.391 ; gain = 0.000 ; free physical = 161 ; free virtual = 4911
Wrote Device Cache: Time (s): cpu = 00:00:00.01 ; elapsed = 00:00:00.01 . Memory (MB): peak = 2640.391 ; gain = 0.000 ; free physical = 159 ; free virtual = 4911
Write Physdb Complete: Time (s): cpu = 00:00:00.27 ; elapsed = 00:00:00.18 . Memory (MB): peak = 2640.391 ; gain = 0.000 ; free physical = 159 ; free virtual = 4911
INFO: [Common 17-1381] The checkpoint '/media/justyxx/Julian/Vivado/Projects/lab1-adc2025-g01/processor_arm/processor_arm.runs/impl_1/processor_arm_routed.dcp' has been generated.
INFO: [Common 17-206] Exiting Vivado at Wed Sep  3 13:05:19 2025...
